<?xml version="1.0" encoding="UTF-8"?>
<testng-results ignored="0" total="1" passed="1" failed="0" skipped="0">
  <reporter-output>
  </reporter-output>
  <suite started-at="2020-08-26T16:46:04 IST" name="Default suite" finished-at="2020-08-26T16:46:13 IST" duration-ms="9361">
    <groups>
    </groups>
    <test started-at="2020-08-26T16:46:04 IST" name="Default test" finished-at="2020-08-26T16:46:13 IST" duration-ms="9361">
      <class name="main.BaseClass">
        <test-method signature="runRequest()[pri:0, instance:main.BaseClass@358ee631]" started-at="2020-08-26T16:46:04 IST" name="runRequest" finished-at="2020-08-26T16:46:13 IST" duration-ms="9318" status="PASS">
          <reporter-output>
          </reporter-output>
        </test-method> <!-- runRequest -->
      </class> <!-- main.BaseClass -->
    </test> <!-- Default test -->
  </suite> <!-- Default suite -->
</testng-results>
